0 info it worked if it ends with ok
1 verbose cli [ 'C:\\Program Files\\nodejs\\node.exe',
1 verbose cli   'C:\\Program Files\\nodejs\\node_modules\\npm\\bin\\npm-cli.js',
1 verbose cli   'install',
1 verbose cli   'angularfire2',
1 verbose cli   'firebase1.5.7',
1 verbose cli   '--save' ]
2 info using npm@2.15.8
3 info using node@v4.4.7
4 verbose install initial load of C:\Users\Daniella\Documents\GitHub\CollectItApp\package.json
5 warn package.json myapp@1.1.1 No repository field.
6 warn package.json myapp@1.1.1 No license field.
7 verbose installManyTop reading scoped package data from C:\Users\Daniella\Documents\GitHub\CollectItApp\node_modules\angular\package.json
8 verbose readDependencies loading dependencies from C:\Users\Daniella\Documents\GitHub\CollectItApp\package.json
9 silly cache add args [ 'angularfire2', null ]
10 verbose cache add spec angularfire2
11 silly cache add args [ 'firebase1.5.7', null ]
12 verbose cache add spec firebase1.5.7
13 silly cache add parsed spec Result {
13 silly cache add   raw: 'angularfire2',
13 silly cache add   scope: null,
13 silly cache add   name: 'angularfire2',
13 silly cache add   rawSpec: '',
13 silly cache add   spec: 'latest',
13 silly cache add   type: 'tag' }
14 silly addNamed angularfire2@latest
15 verbose addNamed "latest" is being treated as a dist-tag for angularfire2
16 info addNameTag [ 'angularfire2', 'latest' ]
17 silly mapToRegistry name angularfire2
18 silly mapToRegistry using default registry
19 silly mapToRegistry registry https://registry.npmjs.org/
20 silly mapToRegistry data Result {
20 silly mapToRegistry   raw: 'angularfire2',
20 silly mapToRegistry   scope: null,
20 silly mapToRegistry   name: 'angularfire2',
20 silly mapToRegistry   rawSpec: '',
20 silly mapToRegistry   spec: 'latest',
20 silly mapToRegistry   type: 'tag' }
21 silly mapToRegistry uri https://registry.npmjs.org/angularfire2
22 verbose addNameTag registry:https://registry.npmjs.org/angularfire2 not in flight; fetching
23 silly cache add parsed spec Result {
23 silly cache add   raw: 'firebase1.5.7',
23 silly cache add   scope: null,
23 silly cache add   name: 'firebase1.5.7',
23 silly cache add   rawSpec: '',
23 silly cache add   spec: 'latest',
23 silly cache add   type: 'tag' }
24 silly addNamed firebase1.5.7@latest
25 verbose addNamed "latest" is being treated as a dist-tag for firebase1.5.7
26 info addNameTag [ 'firebase1.5.7', 'latest' ]
27 silly mapToRegistry name firebase1.5.7
28 silly mapToRegistry using default registry
29 silly mapToRegistry registry https://registry.npmjs.org/
30 silly mapToRegistry data Result {
30 silly mapToRegistry   raw: 'firebase1.5.7',
30 silly mapToRegistry   scope: null,
30 silly mapToRegistry   name: 'firebase1.5.7',
30 silly mapToRegistry   rawSpec: '',
30 silly mapToRegistry   spec: 'latest',
30 silly mapToRegistry   type: 'tag' }
31 silly mapToRegistry uri https://registry.npmjs.org/firebase1.5.7
32 verbose addNameTag registry:https://registry.npmjs.org/firebase1.5.7 not in flight; fetching
33 verbose request uri https://registry.npmjs.org/firebase1.5.7
34 verbose request no auth needed
35 info attempt registry request try #1 at 10:59:27 AM
36 verbose request id 6b1cc3c9bd811efd
37 http request GET https://registry.npmjs.org/firebase1.5.7
38 verbose request uri https://registry.npmjs.org/angularfire2
39 verbose request no auth needed
40 info attempt registry request try #1 at 10:59:27 AM
41 verbose etag "5OFI50Y47L4P79ATKVCKCPOV7"
42 http request GET https://registry.npmjs.org/angularfire2
43 http 304 https://registry.npmjs.org/angularfire2
44 verbose headers { date: 'Wed, 20 Jul 2016 02:59:36 GMT',
44 verbose headers   via: '1.1 varnish',
44 verbose headers   'cache-control': 'max-age=300',
44 verbose headers   etag: '"5OFI50Y47L4P79ATKVCKCPOV7"',
44 verbose headers   age: '292',
44 verbose headers   connection: 'keep-alive',
44 verbose headers   'x-served-by': 'cache-fra1244-FRA',
44 verbose headers   'x-cache': 'HIT',
44 verbose headers   'x-cache-hits': '1',
44 verbose headers   'x-timer': 'S1468983576.987035,VS0,VE0',
44 verbose headers   vary: 'Accept-Encoding' }
45 silly get cb [ 304,
45 silly get   { date: 'Wed, 20 Jul 2016 02:59:36 GMT',
45 silly get     via: '1.1 varnish',
45 silly get     'cache-control': 'max-age=300',
45 silly get     etag: '"5OFI50Y47L4P79ATKVCKCPOV7"',
45 silly get     age: '292',
45 silly get     connection: 'keep-alive',
45 silly get     'x-served-by': 'cache-fra1244-FRA',
45 silly get     'x-cache': 'HIT',
45 silly get     'x-cache-hits': '1',
45 silly get     'x-timer': 'S1468983576.987035,VS0,VE0',
45 silly get     vary: 'Accept-Encoding' } ]
46 verbose etag https://registry.npmjs.org/angularfire2 from cache
47 verbose get saving angularfire2 to C:\Users\Daniella\AppData\Roaming\npm-cache\registry.npmjs.org\angularfire2\.cache.json
48 verbose correctMkdir C:\Users\Daniella\AppData\Roaming\npm-cache correctMkdir not in flight; initializing
49 silly addNameTag next cb for angularfire2 with tag latest
50 silly addNamed angularfire2@2.0.0-beta.2
51 verbose addNamed "2.0.0-beta.2" is a plain semver version for angularfire2
52 silly cache afterAdd angularfire2@2.0.0-beta.2
53 verbose afterAdd C:\Users\Daniella\AppData\Roaming\npm-cache\angularfire2\2.0.0-beta.2\package\package.json not in flight; writing
54 verbose correctMkdir C:\Users\Daniella\AppData\Roaming\npm-cache correctMkdir not in flight; initializing
55 verbose afterAdd C:\Users\Daniella\AppData\Roaming\npm-cache\angularfire2\2.0.0-beta.2\package\package.json written
56 http 404 https://registry.npmjs.org/firebase1.5.7
57 verbose headers { 'content-type': 'application/json',
57 verbose headers   'cache-control': 'max-age=0',
57 verbose headers   'content-length': '2',
57 verbose headers   'accept-ranges': 'bytes',
57 verbose headers   date: 'Wed, 20 Jul 2016 02:59:37 GMT',
57 verbose headers   via: '1.1 varnish',
57 verbose headers   age: '0',
57 verbose headers   connection: 'keep-alive',
57 verbose headers   'x-served-by': 'cache-fra1245-FRA',
57 verbose headers   'x-cache': 'MISS',
57 verbose headers   'x-cache-hits': '0',
57 verbose headers   'x-timer': 'S1468983576.975323,VS0,VE186',
57 verbose headers   vary: 'Accept-Encoding' }
58 silly get cb [ 404,
58 silly get   { 'content-type': 'application/json',
58 silly get     'cache-control': 'max-age=0',
58 silly get     'content-length': '2',
58 silly get     'accept-ranges': 'bytes',
58 silly get     date: 'Wed, 20 Jul 2016 02:59:37 GMT',
58 silly get     via: '1.1 varnish',
58 silly get     age: '0',
58 silly get     connection: 'keep-alive',
58 silly get     'x-served-by': 'cache-fra1245-FRA',
58 silly get     'x-cache': 'MISS',
58 silly get     'x-cache-hits': '0',
58 silly get     'x-timer': 'S1468983576.975323,VS0,VE186',
58 silly get     vary: 'Accept-Encoding' } ]
59 verbose stack Error: Registry returned 404 for GET on https://registry.npmjs.org/firebase1.5.7
59 verbose stack     at makeError (C:\Program Files\nodejs\node_modules\npm\node_modules\npm-registry-client\lib\request.js:264:12)
59 verbose stack     at CachingRegistryClient.<anonymous> (C:\Program Files\nodejs\node_modules\npm\node_modules\npm-registry-client\lib\request.js:242:14)
59 verbose stack     at Request._callback (C:\Program Files\nodejs\node_modules\npm\node_modules\npm-registry-client\lib\request.js:172:14)
59 verbose stack     at Request.self.callback (C:\Program Files\nodejs\node_modules\npm\node_modules\request\request.js:200:22)
59 verbose stack     at emitTwo (events.js:87:13)
59 verbose stack     at Request.emit (events.js:172:7)
59 verbose stack     at Request.<anonymous> (C:\Program Files\nodejs\node_modules\npm\node_modules\request\request.js:1067:10)
59 verbose stack     at emitOne (events.js:82:20)
59 verbose stack     at Request.emit (events.js:169:7)
59 verbose stack     at IncomingMessage.<anonymous> (C:\Program Files\nodejs\node_modules\npm\node_modules\request\request.js:988:12)
60 verbose statusCode 404
61 verbose pkgid firebase1.5.7
62 verbose cwd C:\Users\Daniella\Documents\GitHub\CollectItApp
63 error Windows_NT 6.1.7601
64 error argv "C:\\Program Files\\nodejs\\node.exe" "C:\\Program Files\\nodejs\\node_modules\\npm\\bin\\npm-cli.js" "install" "angularfire2" "firebase1.5.7" "--save"
65 error node v4.4.7
66 error npm  v2.15.8
67 error code E404
68 error 404 Registry returned 404 for GET on https://registry.npmjs.org/firebase1.5.7
68 error 404
68 error 404 'firebase1.5.7' is not in the npm registry.
68 error 404 You should bug the author to publish it (or use the name yourself!)
68 error 404 It was specified as a dependency of 'myapp'
68 error 404
68 error 404 Note that you can also install from a
68 error 404 tarball, folder, http url, or git url.
69 verbose exit [ 1, true ]
